<?xml version='1.0' encoding='UTF-8'?>
<testsuite hostname="M-3601MD6M" name="manning.fp_in_scala.c3_functional_data_structures.SetSpec" tests="2" errors="0" failures="1" skipped="0" time="0.015" timestamp="2024-01-15T15:03:25">
          <properties>
[...]
</properties>
          <testcase classname="manning.fp_in_scala.c3_functional_data_structures.SetSpec" name="A List should build correctly" time="0.012">
                      
                    </testcase><testcase classname="manning.fp_in_scala.c3_functional_data_structures.SetSpec" name="A List should sum correctly" time="0.003">
                      <failure message="Expected exception java.lang.Exception to be thrown, but no exception was thrown" type="org.scalatest.exceptions.TestFailedException">org.scalatest.exceptions.TestFailedException: Expected exception java.lang.Exception to be thrown, but no exception was thrown
	at org.scalatest.Assertions.newAssertionFailedException(Assertions.scala:472)
	at org.scalatest.Assertions.newAssertionFailedException$(Assertions.scala:471)
	at org.scalatest.funspec.AnyFunSpec.newAssertionFailedException(AnyFunSpec.scala:1632)
	at org.scalatest.Assertions.assertThrows(Assertions.scala:825)
	at org.scalatest.Assertions.assertThrows$(Assertions.scala:804)
	at org.scalatest.funspec.AnyFunSpec.assertThrows(AnyFunSpec.scala:1632)
	at manning.fp_in_scala.c3_functional_data_structures.SetSpec.$anonfun$new$3(ListTest.scala:14)
	at org.scalatest.OutcomeOf.outcomeOf(OutcomeOf.scala:85)
	at org.scalatest.OutcomeOf.outcomeOf$(OutcomeOf.scala:83)
	at org.scalatest.OutcomeOf$.outcomeOf(OutcomeOf.scala:104)
	at org.scalatest.Transformer.apply(Transformer.scala:22)
	at org.scalatest.Transformer.apply(Transformer.scala:20)
	at org.scalatest.funspec.AnyFunSpecLike$$anon$1.apply(AnyFunSpecLike.scala:521)
	at org.scalatest.TestSuite.withFixture(TestSuite.scala:196)
	at org.scalatest.TestSuite.withFixture$(TestSuite.scala:195)
	at org.scalatest.funspec.AnyFunSpec.withFixture(AnyFunSpec.scala:1632)
	at org.scalatest.funspec.AnyFunSpecLike.invokeWithFixture$1(AnyFunSpecLike.scala:519)
	at org.scalatest.funspec.AnyFunSpecLike.$anonfun$runTest$1(AnyFunSpecLike.scala:531)
	at org.scalatest.SuperEngine.runTestImpl(Engine.scala:306)
	at org.scalatest.funspec.AnyFunSpecLike.runTest(AnyFunSpecLike.scala:531)
	at org.scalatest.funspec.AnyFunSpecLike.runTest$(AnyFunSpecLike.scala:513)
	at org.scalatest.funspec.AnyFunSpec.runTest(AnyFunSpec.scala:1632)
	at org.scalatest.funspec.AnyFunSpecLike.$anonfun$runTests$1(AnyFunSpecLike.scala:564)
	at org.scalatest.SuperEngine.$anonfun$runTestsInBranch$1(Engine.scala:413)
	at scala.collection.immutable.List.foreach(List.scala:333)
	at org.scalatest.SuperEngine.traverseSubNodes$1(Engine.scala:401)
	at org.scalatest.SuperEngine.runTestsInBranch(Engine.scala:390)
	at org.scalatest.SuperEngine.$anonfun$runTestsInBranch$1(Engine.scala:427)
	at scala.collection.immutable.List.foreach(List.scala:333)
	at org.scalatest.SuperEngine.traverseSubNodes$1(Engine.scala:401)
	at org.scalatest.SuperEngine.runTestsInBranch(Engine.scala:396)
	at org.scalatest.SuperEngine.runTestsImpl(Engine.scala:475)
	at org.scalatest.funspec.AnyFunSpecLike.runTests(AnyFunSpecLike.scala:564)
	at org.scalatest.funspec.AnyFunSpecLike.runTests$(AnyFunSpecLike.scala:563)
	at org.scalatest.funspec.AnyFunSpec.runTests(AnyFunSpec.scala:1632)
	at org.scalatest.Suite.run(Suite.scala:1114)
	at org.scalatest.Suite.run$(Suite.scala:1096)
	at org.scalatest.funspec.AnyFunSpec.org$scalatest$funspec$AnyFunSpecLike$$super$run(AnyFunSpec.scala:1632)
	at org.scalatest.funspec.AnyFunSpecLike.$anonfun$run$1(AnyFunSpecLike.scala:568)
	at org.scalatest.SuperEngine.runImpl(Engine.scala:535)
	at org.scalatest.funspec.AnyFunSpecLike.run(AnyFunSpecLike.scala:568)
	at org.scalatest.funspec.AnyFunSpecLike.run$(AnyFunSpecLike.scala:567)
	at org.scalatest.funspec.AnyFunSpec.run(AnyFunSpec.scala:1632)
	at org.scalatest.tools.Framework.org$scalatest$tools$Framework$$runSuite(Framework.scala:321)
	at org.scalatest.tools.Framework$ScalaTestTask.execute(Framework.scala:517)
	at sbt.TestRunner.runTest$1(TestFramework.scala:153)
	at sbt.TestRunner.run(TestFramework.scala:168)
	at sbt.TestFramework$$anon$3$$anonfun$$lessinit$greater$1.$anonfun$apply$1(TestFramework.scala:336)
	at sbt.TestFramework$.sbt$TestFramework$$withContextLoader(TestFramework.scala:296)
	at sbt.TestFramework$$anon$3$$anonfun$$lessinit$greater$1.apply(TestFramework.scala:336)
	at sbt.TestFramework$$anon$3$$anonfun$$lessinit$greater$1.apply(TestFramework.scala:336)
	at sbt.TestFunction.apply(TestFramework.scala:348)
	at sbt.Tests$.$anonfun$toTask$1(Tests.scala:436)
	at sbt.std.Transform$$anon$3.$anonfun$apply$2(Transform.scala:47)
	at sbt.std.Transform$$anon$4.work(Transform.scala:69)
	at sbt.Execute.$anonfun$submit$2(Execute.scala:283)
	at sbt.internal.util.ErrorHandling$.wideConvert(ErrorHandling.scala:24)
	at sbt.Execute.work(Execute.scala:292)
	at sbt.Execute.$anonfun$submit$1(Execute.scala:283)
	at sbt.ConcurrentRestrictions$$anon$4.$anonfun$submitValid$1(ConcurrentRestrictions.scala:265)
	at sbt.CompletionService$$anon$2.call(CompletionService.scala:65)
	at java.base/java.util.concurrent.FutureTask.run(FutureTask.java:264)
	at java.base/java.util.concurrent.Executors$RunnableAdapter.call(Executors.java:515)
	at java.base/java.util.concurrent.FutureTask.run(FutureTask.java:264)
	at java.base/java.util.concurrent.ThreadPoolExecutor.runWorker(ThreadPoolExecutor.java:1128)
	at java.base/java.util.concurrent.ThreadPoolExecutor$Worker.run(ThreadPoolExecutor.java:628)
	at java.base/java.lang.Thread.run(Thread.java:829)
</failure>
                    </testcase>
          <system-out><![CDATA[]]></system-out>
          <system-err><![CDATA[]]></system-err>
        </testsuite>