<?xml version='1.0' encoding='UTF-8'?>
<testsuite hostname="M-3601MD6M" name="manning.fpinscala.laziness.StreamSpec" tests="1" errors="0" failures="0" skipped="0" time="0.005" timestamp="2024-01-19T16:14:12">
          <properties>
[...]
</properties>
          <testcase classname="manning.fpinscala.laziness.StreamSpec" name="A Stream should build correctly" time="0.005">
                      
                    </testcase>
          <system-out><![CDATA[]]></system-out>
          <system-err><![CDATA[]]></system-err>
        </testsuite>