[0m[[0m[0mdebug[0m] [0m[0mRunning TaskDef(manning.fp_in_scala.c3_functional_data_structures.SetSpec, org.scalatest.tools.Framework$$anon$1@40bfca71, false, [SuiteSelector])[0m
[0m[[0m[0minfo[0m] [0m[0m[32mSetSpec:[0m[0m
[0m[[0m[0minfo[0m] [0m[0m[32mA List[0m[0m
[0m[[0m[0minfo[0m] [0m[0m[32m- should build correctly[0m[0m
[0m[[0m[0minfo[0m] [0m[0m[31m- should sum correctly *** FAILED ***[0m[0m
[0m[[0m[0minfo[0m] [0m[0m[31m  Expected exception java.lang.Exception to be thrown, but no exception was thrown (ListTest.scala:14)[0m[0m
[0m[[0m[0minfo[0m] [0m[0m[36mRun completed in 111 milliseconds.[0m[0m
[0m[[0m[0minfo[0m] [0m[0m[36mTotal number of tests run: 2[0m[0m
[0m[[0m[0minfo[0m] [0m[0m[36mSuites: completed 1, aborted 0[0m[0m
[0m[[0m[0minfo[0m] [0m[0m[36mTests: succeeded 1, failed 1, canceled 0, ignored 0, pending 0[0m[0m
[0m[[0m[0minfo[0m] [0m[0m[31m*** 1 TEST FAILED ***[0m[0m
[0m[[0m[31merror[0m] [0m[0mFailed tests:[0m
[0m[[0m[31merror[0m] [0m[0m	manning.fp_in_scala.c3_functional_data_structures.SetSpec[0m
[0m[[0m[31merror[0m] [0m[0m(Test / [31mtest[0m) sbt.TestsFailedException: Tests unsuccessful[0m
